<?xml version="1.0" encoding="UTF-8"?>
<testsuite xmlns:xsi="http://www.w3.org/2001/XMLSchema-instance" xsi:noNamespaceSchemaLocation="https://maven.apache.org/surefire/maven-surefire-plugin/xsd/surefire-test-report.xsd" name="com.veamospues.clientmanagement.domain.command.executor.DeleteClientCommandExecutorTest" time="0.003" tests="2" errors="0" skipped="0" failures="0">
  <properties>
    <property name="gopherProxySet" value="false"/>
    <property name="awt.toolkit" value="sun.lwawt.macosx.LWCToolkit"/>
    <property name="file.encoding.pkg" value="sun.io"/>
    <property name="java.specification.version" value="1.8"/>
    <property name="sun.cpu.isalist" value=""/>
    <property name="sun.jnu.encoding" value="UTF-8"/>
    <property name="java.class.path" value="/Volumes/SD/projects/cqrs/clientmanagement/common/target/test-classes:/Volumes/SD/projects/cqrs/clientmanagement/common/target/classes:/Volumes/SD/maven/com/veamospues/cqrs-core/1.0-SNAPSHOT/cqrs-core-1.0-SNAPSHOT.jar:/Volumes/SD/maven/joda-time/joda-time/2.10/joda-time-2.10.jar:/Volumes/SD/maven/org/projectlombok/lombok/1.16.16/lombok-1.16.16.jar:/Volumes/SD/maven/junit/junit/4.12/junit-4.12.jar:/Volumes/SD/maven/org/hamcrest/hamcrest-core/1.3/hamcrest-core-1.3.jar:/Volumes/SD/maven/org/mockito/mockito-core/2.12.0/mockito-core-2.12.0.jar:/Volumes/SD/maven/net/bytebuddy/byte-buddy/1.7.9/byte-buddy-1.7.9.jar:/Volumes/SD/maven/net/bytebuddy/byte-buddy-agent/1.7.9/byte-buddy-agent-1.7.9.jar:/Volumes/SD/maven/org/objenesis/objenesis/2.6/objenesis-2.6.jar:"/>
    <property name="java.vm.vendor" value="Oracle Corporation"/>
    <property name="sun.arch.data.model" value="64"/>
    <property name="java.vendor.url" value="http://java.oracle.com/"/>
    <property name="user.timezone" value="Europe/Madrid"/>
    <property name="java.vm.specification.version" value="1.8"/>
    <property name="os.name" value="Mac OS X"/>
    <property name="user.country" value="ES"/>
    <property name="sun.java.launcher" value="SUN_STANDARD"/>
    <property name="sun.boot.library.path" value="/Users/alejandro/.sdkman/candidates/java/8.0.171-oracle/jre/lib"/>
    <property name="sun.java.command" value="/Volumes/SD/projects/cqrs/clientmanagement/common/target/surefire/surefirebooter5107606716481824719.jar /Volumes/SD/projects/cqrs/clientmanagement/common/target/surefire 2018-09-06T00-53-13_099-jvmRun1 surefire9231407850712406tmp surefire_02140141868266271231tmp"/>
    <property name="http.nonProxyHosts" value="192.168.0.0/16|*.192.168.0.0/16|10.0.0.0/8|*.10.0.0.0/8|172.16.0.0/12|*.172.16.0.0/12|127.0.0.1|localhost|*.localhost|local|*.local"/>
    <property name="surefire.test.class.path" value="/Volumes/SD/projects/cqrs/clientmanagement/common/target/test-classes:/Volumes/SD/projects/cqrs/clientmanagement/common/target/classes:/Volumes/SD/maven/com/veamospues/cqrs-core/1.0-SNAPSHOT/cqrs-core-1.0-SNAPSHOT.jar:/Volumes/SD/maven/joda-time/joda-time/2.10/joda-time-2.10.jar:/Volumes/SD/maven/org/projectlombok/lombok/1.16.16/lombok-1.16.16.jar:/Volumes/SD/maven/junit/junit/4.12/junit-4.12.jar:/Volumes/SD/maven/org/hamcrest/hamcrest-core/1.3/hamcrest-core-1.3.jar:/Volumes/SD/maven/org/mockito/mockito-core/2.12.0/mockito-core-2.12.0.jar:/Volumes/SD/maven/net/bytebuddy/byte-buddy/1.7.9/byte-buddy-1.7.9.jar:/Volumes/SD/maven/net/bytebuddy/byte-buddy-agent/1.7.9/byte-buddy-agent-1.7.9.jar:/Volumes/SD/maven/org/objenesis/objenesis/2.6/objenesis-2.6.jar:"/>
    <property name="sun.cpu.endian" value="little"/>
    <property name="user.home" value="/Users/alejandro"/>
    <property name="user.language" value="es"/>
    <property name="java.specification.vendor" value="Oracle Corporation"/>
    <property name="java.home" value="/Users/alejandro/.sdkman/candidates/java/8.0.171-oracle/jre"/>
    <property name="basedir" value="/Volumes/SD/projects/cqrs/clientmanagement/common"/>
    <property name="file.separator" value="/"/>
    <property name="line.separator" value="&#10;"/>
    <property name="java.vm.specification.vendor" value="Oracle Corporation"/>
    <property name="java.specification.name" value="Java Platform API Specification"/>
    <property name="java.awt.graphicsenv" value="sun.awt.CGraphicsEnvironment"/>
    <property name="surefire.real.class.path" value="/Volumes/SD/projects/cqrs/clientmanagement/common/target/surefire/surefirebooter5107606716481824719.jar"/>
    <property name="sun.boot.class.path" value="/Users/alejandro/.sdkman/candidates/java/8.0.171-oracle/jre/lib/resources.jar:/Users/alejandro/.sdkman/candidates/java/8.0.171-oracle/jre/lib/rt.jar:/Users/alejandro/.sdkman/candidates/java/8.0.171-oracle/jre/lib/sunrsasign.jar:/Users/alejandro/.sdkman/candidates/java/8.0.171-oracle/jre/lib/jsse.jar:/Users/alejandro/.sdkman/candidates/java/8.0.171-oracle/jre/lib/jce.jar:/Users/alejandro/.sdkman/candidates/java/8.0.171-oracle/jre/lib/charsets.jar:/Users/alejandro/.sdkman/candidates/java/8.0.171-oracle/jre/lib/jfr.jar:/Users/alejandro/.sdkman/candidates/java/8.0.171-oracle/jre/classes"/>
    <property name="sun.management.compiler" value="HotSpot 64-Bit Tiered Compilers"/>
    <property name="ftp.nonProxyHosts" value="192.168.0.0/16|*.192.168.0.0/16|10.0.0.0/8|*.10.0.0.0/8|172.16.0.0/12|*.172.16.0.0/12|127.0.0.1|localhost|*.localhost|local|*.local"/>
    <property name="java.runtime.version" value="1.8.0_171-b11"/>
    <property name="user.name" value="alejandro"/>
    <property name="path.separator" value=":"/>
    <property name="os.version" value="10.13.4"/>
    <property name="java.endorsed.dirs" value="/Users/alejandro/.sdkman/candidates/java/8.0.171-oracle/jre/lib/endorsed"/>
    <property name="java.runtime.name" value="Java(TM) SE Runtime Environment"/>
    <property name="file.encoding" value="UTF-8"/>
    <property name="java.vm.name" value="Java HotSpot(TM) 64-Bit Server VM"/>
    <property name="localRepository" value="/Volumes/SD/maven"/>
    <property name="java.vendor.url.bug" value="http://bugreport.sun.com/bugreport/"/>
    <property name="java.io.tmpdir" value="/var/folders/9h/f78s0xv535j612gz4tzyw6040000gn/T/"/>
    <property name="java.version" value="1.8.0_171"/>
    <property name="user.dir" value="/Volumes/SD/projects/cqrs/clientmanagement/common"/>
    <property name="os.arch" value="x86_64"/>
    <property name="java.vm.specification.name" value="Java Virtual Machine Specification"/>
    <property name="java.awt.printerjob" value="sun.lwawt.macosx.CPrinterJob"/>
    <property name="sun.os.patch.level" value="unknown"/>
    <property name="java.library.path" value="/Users/alejandro/projects/instantclient:/Users/alejandro/Library/Java/Extensions:/Library/Java/Extensions:/Network/Library/Java/Extensions:/System/Library/Java/Extensions:/usr/lib/java:."/>
    <property name="java.vm.info" value="mixed mode"/>
    <property name="java.vendor" value="Oracle Corporation"/>
    <property name="java.vm.version" value="25.171-b11"/>
    <property name="java.ext.dirs" value="/Users/alejandro/Library/Java/Extensions:/Users/alejandro/.sdkman/candidates/java/8.0.171-oracle/jre/lib/ext:/Library/Java/Extensions:/Network/Library/Java/Extensions:/System/Library/Java/Extensions:/usr/lib/java"/>
    <property name="sun.io.unicode.encoding" value="UnicodeBig"/>
    <property name="java.class.version" value="52.0"/>
    <property name="socksNonProxyHosts" value="192.168.0.0/16|*.192.168.0.0/16|10.0.0.0/8|*.10.0.0.0/8|172.16.0.0/12|*.172.16.0.0/12|127.0.0.1|localhost|*.localhost|local|*.local"/>
  </properties>
  <testcase name="throws_exception_when_client_does_not_exist" classname="com.veamospues.clientmanagement.domain.command.executor.DeleteClientCommandExecutorTest" time="0.001"/>
  <testcase name="ok_when_client_exists" classname="com.veamospues.clientmanagement.domain.command.executor.DeleteClientCommandExecutorTest" time="0.001"/>
</testsuite>